Fri 17 Mar 2023 05:58:29 PM UTC: 
 exercises.c | 5 +++++
 1 file changed, 5 insertions(+)
 tests:  1|6
total_score: 10/70
af9637c
Fri 17 Mar 2023 06:05:31 PM UTC: 
 exercises.c | 6 +++---
 1 file changed, 3 insertions(+), 3 deletions(-)
In file included from test.c:5:
exercises.c: In function ‘swap’:
exercises.c:18:7: error: assignment to ‘int’ from ‘int *’ makes integer from pointer without a cast [-Werror=int-conversion]
   18 |   aux = a;
      |       ^
exercises.c:20:5: error: assignment to ‘int *’ from ‘int’ makes pointer from integer without a cast [-Werror=int-conversion]
   20 |   b = aux;
      |     ^
cc1: all warnings being treated as errors
Compilation failed
e1fc74a
Fri 17 Mar 2023 06:05:41 PM UTC: 
 exercises.c | 6 +++---
 1 file changed, 3 insertions(+), 3 deletions(-)
 tests:  1|6
total_score: 10/70
00cbc23
Fri 17 Mar 2023 06:15:40 PM UTC: 
 exercises.c | 3 ++-
 1 file changed, 2 insertions(+), 1 deletion(-)
In file included from test.c:5:
exercises.c: In function ‘arrayMaxMin’:
exercises.c:32:10: error: expected expression before ‘int’
   32 |   *max = int* next(Lista*);
      |          ^~~
exercises.c:33:10: error: expected expression before ‘int’
   33 |   *min = int* first(Lista*);
      |          ^~~
Compilation failed
8c96c56
Fri 17 Mar 2023 06:19:55 PM UTC: 
 exercises.c | 1 +
 1 file changed, 1 insertion(+)
In file included from test.c:5:
exercises.c: In function ‘arrayMaxMin’:
exercises.c:33:10: error: expected expression before ‘int’
   33 |   *max = int* next(Lista*);
      |          ^~~
exercises.c:34:10: error: expected expression before ‘int’
   34 |   *min = int* first(Lista*);
      |          ^~~
exercises.c: In function ‘asignarValor’:
exercises.c:92:11: error: expected identifier or ‘(’ before ‘[’ token
   92 |     Vector[i] = valor;
      |           ^
Compilation failed
5f37676
Fri 17 Mar 2023 06:21:46 PM UTC: 
 exercises.c | 2 +-
 1 file changed, 1 insertion(+), 1 deletion(-)
In file included from test.c:5:
exercises.c: In function ‘arrayMaxMin’:
exercises.c:33:10: error: expected expression before ‘int’
   33 |   *max = int* next(Lista*);
      |          ^~~
exercises.c:34:10: error: expected expression before ‘int’
   34 |   *min = int* first(Lista*);
      |          ^~~
exercises.c: In function ‘asignarValor’:
exercises.c:92:12: error: incompatible types when assigning to type ‘Vector’ from type ‘int’
   92 |     v[i] = valor;
      |            ^~~~~
Compilation failed
50d005c
Fri 17 Mar 2023 06:26:26 PM UTC: 
 exercises.c | 4 +++-
 1 file changed, 3 insertions(+), 1 deletion(-)
In file included from test.c:5:
exercises.c: In function ‘arrayMaxMin’:
exercises.c:33:10: error: expected expression before ‘int’
   33 |   *max = int* next(Lista*);
      |          ^~~
exercises.c:34:10: error: expected expression before ‘int’
   34 |   *min = int* first(Lista*);
      |          ^~~
exercises.c: In function ‘crearPersona’:
exercises.c:57:15: error: expected expression before ‘Persona’
   57 |   scanf("%s", Persona.nombre);
      |               ^~~~~~~
exercises.c:58:15: error: expected expression before ‘Persona’
   58 |   scanf("%s", Persona.rut);
      |               ^~~~~~~
exercises.c:59:15: error: expected expression before ‘Persona’
   59 |   scanf("%d", Persona.edad);
      |               ^~~~~~~
exercises.c: In function ‘asignarValor’:
exercises.c:94:12: error: incompatible types when assigning to type ‘Vector’ from type ‘int’
   94 |     v[i] = valor;
      |            ^~~~~
Compilation failed
bc4838c
Fri 17 Mar 2023 06:31:08 PM UTC: 
 exercises.c | 1 +
 1 file changed, 1 insertion(+)
In file included from test.c:5:
exercises.c: In function ‘arrayMaxMin’:
exercises.c:33:10: error: expected expression before ‘int’
   33 |   *max = int* next(Lista*);
      |          ^~~
exercises.c:34:10: error: expected expression before ‘int’
   34 |   *min = int* first(Lista*);
      |          ^~~
exercises.c: In function ‘crearPersona’:
exercises.c:58:15: error: expected expression before ‘Persona’
   58 |   scanf("%s", Persona.nombre);
      |               ^~~~~~~
exercises.c:59:15: error: expected expression before ‘Persona’
   59 |   scanf("%s", Persona.rut);
      |               ^~~~~~~
exercises.c:60:15: error: expected expression before ‘Persona’
   60 |   scanf("%d", Persona.edad);
      |               ^~~~~~~
exercises.c: In function ‘crearVector’:
exercises.c:79:49: error: expected ‘)’ before ‘n’
   79 |   Vector * v = (Vector *) malloc(sizeof(Vector * n));
      |                                        ~        ^~
      |                                                 )
exercises.c:79:12: error: unused variable ‘v’ [-Werror=unused-variable]
   79 |   Vector * v = (Vector *) malloc(sizeof(Vector * n));
      |            ^
exercises.c: In function ‘asignarValor’:
exercises.c:93:12: error: incompatible types when assigning to type ‘Vector’ from type ‘int’
   93 |     v[i] = valor;
      |            ^~~~~
cc1: all warnings being treated as errors
Compilation failed
855a0dc
Fri 17 Mar 2023 06:40:00 PM UTC: 
 exercises.c | 4 +---
 1 file changed, 1 insertion(+), 3 deletions(-)
In file included from test.c:5:
exercises.c: In function ‘arrayMaxMin’:
exercises.c:33:10: error: expected expression before ‘int’
   33 |   *max = int* next(Lista*);
      |          ^~~
exercises.c:34:10: error: expected expression before ‘int’
   34 |   *min = int* first(Lista*);
      |          ^~~
exercises.c: In function ‘crearVector’:
exercises.c:77:49: error: expected ‘)’ before ‘n’
   77 |   Vector * v = (Vector *) malloc(sizeof(Vector * n));
      |                                        ~        ^~
      |                                                 )
exercises.c:77:12: error: unused variable ‘v’ [-Werror=unused-variable]
   77 |   Vector * v = (Vector *) malloc(sizeof(Vector * n));
      |            ^
exercises.c: In function ‘asignarValor’:
exercises.c:91:12: error: incompatible types when assigning to type ‘Vector’ from type ‘int’
   91 |     v[i] = valor;
      |            ^~~~~
cc1: all warnings being treated as errors
Compilation failed
fec9f9a
Fri 17 Mar 2023 06:42:04 PM UTC: 
 exercises.c | 3 +++
 1 file changed, 3 insertions(+)
In file included from test.c:5:
exercises.c: In function ‘arrayMaxMin’:
exercises.c:33:10: error: expected expression before ‘int’
   33 |   *max = int* next(Lista*);
      |          ^~~
exercises.c:34:10: error: expected expression before ‘int’
   34 |   *min = int* first(Lista*);
      |          ^~~
exercises.c: In function ‘crearPersona’:
exercises.c:58:10: error: expected identifier or ‘(’ before ‘->’ token
   58 |   Persona->nombre = nombre;
      |          ^~
exercises.c:59:10: error: expected identifier or ‘(’ before ‘->’ token
   59 |   Persona->rut = rut;
      |          ^~
exercises.c:60:10: error: expected identifier or ‘(’ before ‘->’ token
   60 |   Persona->edad = edad;
      |          ^~
exercises.c: In function ‘crearVector’:
exercises.c:80:49: error: expected ‘)’ before ‘n’
   80 |   Vector * v = (Vector *) malloc(sizeof(Vector * n));
      |                                        ~        ^~
      |                                                 )
exercises.c:80:12: error: unused variable ‘v’ [-Werror=unused-variable]
   80 |   Vector * v = (Vector *) malloc(sizeof(Vector * n));
      |            ^
exercises.c: In function ‘asignarValor’:
exercises.c:94:12: error: incompatible types when assigning to type ‘Vector’ from type ‘int’
   94 |     v[i] = valor;
      |            ^~~~~
cc1: all warnings being treated as errors
Compilation failed
7b4683a
Fri 17 Mar 2023 06:42:30 PM UTC: 
 exercises.c | 6 +++---
 1 file changed, 3 insertions(+), 3 deletions(-)
In file included from test.c:5:
exercises.c: In function ‘arrayMaxMin’:
exercises.c:33:10: error: expected expression before ‘int’
   33 |   *max = int* next(Lista*);
      |          ^~~
exercises.c:34:10: error: expected expression before ‘int’
   34 |   *min = int* first(Lista*);
      |          ^~~
exercises.c: In function ‘crearPersona’:
exercises.c:58:13: error: assignment to expression with array type
   58 |   p->nombre = nombre;
      |             ^
exercises.c:59:10: error: assignment to expression with array type
   59 |   p->rut = rut;
      |          ^
exercises.c: In function ‘crearVector’:
exercises.c:80:49: error: expected ‘)’ before ‘n’
   80 |   Vector * v = (Vector *) malloc(sizeof(Vector * n));
      |                                        ~        ^~
      |                                                 )
exercises.c:80:12: error: unused variable ‘v’ [-Werror=unused-variable]
   80 |   Vector * v = (Vector *) malloc(sizeof(Vector * n));
      |            ^
exercises.c: In function ‘asignarValor’:
exercises.c:94:12: error: incompatible types when assigning to type ‘Vector’ from type ‘int’
   94 |     v[i] = valor;
      |            ^~~~~
cc1: all warnings being treated as errors
Compilation failed
0b5eb19
Fri 17 Mar 2023 06:44:42 PM UTC: 
 exercises.c | 7 +++----
 1 file changed, 3 insertions(+), 4 deletions(-)
In file included from test.c:5:
exercises.c: In function ‘arrayMaxMin’:
exercises.c:33:10: error: expected expression before ‘int’
   33 |   *max = int* next(Lista*);
      |          ^~~
exercises.c:34:10: error: expected expression before ‘int’
   34 |   *min = int* first(Lista*);
      |          ^~~
exercises.c: In function ‘crearPersona’:
exercises.c:60:11: error: passing argument 1 of ‘strcpy’ makes pointer from integer without a cast [-Werror=int-conversion]
   60 |   strcpy(p->edad, edad);
      |          ~^~~~~~
      |           |
      |           int
In file included from /nix/store/4pqv2mwdn88h7xvsm7a5zplrd8sxzvw0-glibc-2.35-163-dev/include/features.h:490,
                 from /nix/store/4pqv2mwdn88h7xvsm7a5zplrd8sxzvw0-glibc-2.35-163-dev/include/bits/libc-header-start.h:33,
                 from /nix/store/4pqv2mwdn88h7xvsm7a5zplrd8sxzvw0-glibc-2.35-163-dev/include/stdio.h:27,
                 from test.c:1:
/nix/store/4pqv2mwdn88h7xvsm7a5zplrd8sxzvw0-glibc-2.35-163-dev/include/bits/string_fortified.h:77:1: note: expected ‘char * restrict’ but argument is of type ‘int’
   77 | __NTH (strcpy (char *__restrict __dest, const char *__restrict __src))
      | ^~~~~
In file included from test.c:5:
exercises.c:60:19: error: passing argument 2 of ‘strcpy’ makes pointer from integer without a cast [-Werror=int-conversion]
   60 |   strcpy(p->edad, edad);
      |                   ^~~~
      |                   |
      |                   int
In file included from /nix/store/4pqv2mwdn88h7xvsm7a5zplrd8sxzvw0-glibc-2.35-163-dev/include/features.h:490,
                 from /nix/store/4pqv2mwdn88h7xvsm7a5zplrd8sxzvw0-glibc-2.35-163-dev/include/bits/libc-header-start.h:33,
                 from /nix/store/4pqv2mwdn88h7xvsm7a5zplrd8sxzvw0-glibc-2.35-163-dev/include/stdio.h:27,
                 from test.c:1:
/nix/store/4pqv2mwdn88h7xvsm7a5zplrd8sxzvw0-glibc-2.35-163-dev/include/bits/string_fortified.h:77:1: note: expected ‘const char * restrict’ but argument is of type ‘int’
   77 | __NTH (strcpy (char *__restrict __dest, const char *__restrict __src))
      | ^~~~~
In file included from test.c:5:
exercises.c: In function ‘crearVector’:
exercises.c:79:49: error: expected ‘)’ before ‘n’
   79 |   Vector * v = (Vector *) malloc(sizeof(Vector * n));
      |                                        ~        ^~
      |                                                 )
exercises.c:79:12: error: unused variable ‘v’ [-Werror=unused-variable]
   79 |   Vector * v = (Vector *) malloc(sizeof(Vector * n));
      |            ^
exercises.c: In function ‘asignarValor’:
exercises.c:93:12: error: incompatible types when assigning to type ‘Vector’ from type ‘int’
   93 |     v[i] = valor;
      |            ^~~~~
cc1: all warnings being treated as errors
Compilation failed
1bc58e1
Fri 17 Mar 2023 06:45:32 PM UTC: 
 exercises.c | 6 +++---
 1 file changed, 3 insertions(+), 3 deletions(-)
In file included from test.c:5:
exercises.c: In function ‘arrayMaxMin’:
exercises.c:33:10: error: expected expression before ‘int’
   33 |   *max = int* next(Lista*);
      |          ^~~
exercises.c:34:10: error: expected expression before ‘int’
   34 |   *min = int* first(Lista*);
      |          ^~~
exercises.c: In function ‘crearPersona’:
exercises.c:60:10: error: passing argument 1 of ‘strcpy’ makes pointer from integer without a cast [-Werror=int-conversion]
   60 |   strcpy(edad, p->edad);
      |          ^~~~
      |          |
      |          int
In file included from /nix/store/4pqv2mwdn88h7xvsm7a5zplrd8sxzvw0-glibc-2.35-163-dev/include/features.h:490,
                 from /nix/store/4pqv2mwdn88h7xvsm7a5zplrd8sxzvw0-glibc-2.35-163-dev/include/bits/libc-header-start.h:33,
                 from /nix/store/4pqv2mwdn88h7xvsm7a5zplrd8sxzvw0-glibc-2.35-163-dev/include/stdio.h:27,
                 from test.c:1:
/nix/store/4pqv2mwdn88h7xvsm7a5zplrd8sxzvw0-glibc-2.35-163-dev/include/bits/string_fortified.h:77:1: note: expected ‘char * restrict’ but argument is of type ‘int’
   77 | __NTH (strcpy (char *__restrict __dest, const char *__restrict __src))
      | ^~~~~
In file included from test.c:5:
exercises.c:60:17: error: passing argument 2 of ‘strcpy’ makes pointer from integer without a cast [-Werror=int-conversion]
   60 |   strcpy(edad, p->edad);
      |                ~^~~~~~
      |                 |
      |                 int
In file included from /nix/store/4pqv2mwdn88h7xvsm7a5zplrd8sxzvw0-glibc-2.35-163-dev/include/features.h:490,
                 from /nix/store/4pqv2mwdn88h7xvsm7a5zplrd8sxzvw0-glibc-2.35-163-dev/include/bits/libc-header-start.h:33,
                 from /nix/store/4pqv2mwdn88h7xvsm7a5zplrd8sxzvw0-glibc-2.35-163-dev/include/stdio.h:27,
                 from test.c:1:
/nix/store/4pqv2mwdn88h7xvsm7a5zplrd8sxzvw0-glibc-2.35-163-dev/include/bits/string_fortified.h:77:1: note: expected ‘const char * restrict’ but argument is of type ‘int’
   77 | __NTH (strcpy (char *__restrict __dest, const char *__restrict __src))
      | ^~~~~
In file included from test.c:5:
exercises.c: In function ‘crearVector’:
exercises.c:79:49: error: expected ‘)’ before ‘n’
   79 |   Vector * v = (Vector *) malloc(sizeof(Vector * n));
      |                                        ~        ^~
      |                                                 )
exercises.c:79:12: error: unused variable ‘v’ [-Werror=unused-variable]
   79 |   Vector * v = (Vector *) malloc(sizeof(Vector * n));
      |            ^
exercises.c: In function ‘asignarValor’:
exercises.c:93:12: error: incompatible types when assigning to type ‘Vector’ from type ‘int’
   93 |     v[i] = valor;
      |            ^~~~~
cc1: all warnings being treated as errors
Compilation failed
6390680
Fri 17 Mar 2023 06:47:26 PM UTC: 
 exercises.c | 2 --
 1 file changed, 2 deletions(-)
In file included from test.c:5:
exercises.c: In function ‘crearPersona’:
exercises.c:58:10: error: passing argument 1 of ‘strcpy’ makes pointer from integer without a cast [-Werror=int-conversion]
   58 |   strcpy(edad, p->edad);
      |          ^~~~
      |          |
      |          int
In file included from /nix/store/4pqv2mwdn88h7xvsm7a5zplrd8sxzvw0-glibc-2.35-163-dev/include/features.h:490,
                 from /nix/store/4pqv2mwdn88h7xvsm7a5zplrd8sxzvw0-glibc-2.35-163-dev/include/bits/libc-header-start.h:33,
                 from /nix/store/4pqv2mwdn88h7xvsm7a5zplrd8sxzvw0-glibc-2.35-163-dev/include/stdio.h:27,
                 from test.c:1:
/nix/store/4pqv2mwdn88h7xvsm7a5zplrd8sxzvw0-glibc-2.35-163-dev/include/bits/string_fortified.h:77:1: note: expected ‘char * restrict’ but argument is of type ‘int’
   77 | __NTH (strcpy (char *__restrict __dest, const char *__restrict __src))
      | ^~~~~
In file included from test.c:5:
exercises.c:58:17: error: passing argument 2 of ‘strcpy’ makes pointer from integer without a cast [-Werror=int-conversion]
   58 |   strcpy(edad, p->edad);
      |                ~^~~~~~
      |                 |
      |                 int
In file included from /nix/store/4pqv2mwdn88h7xvsm7a5zplrd8sxzvw0-glibc-2.35-163-dev/include/features.h:490,
                 from /nix/store/4pqv2mwdn88h7xvsm7a5zplrd8sxzvw0-glibc-2.35-163-dev/include/bits/libc-header-start.h:33,
                 from /nix/store/4pqv2mwdn88h7xvsm7a5zplrd8sxzvw0-glibc-2.35-163-dev/include/stdio.h:27,
                 from test.c:1:
/nix/store/4pqv2mwdn88h7xvsm7a5zplrd8sxzvw0-glibc-2.35-163-dev/include/bits/string_fortified.h:77:1: note: expected ‘const char * restrict’ but argument is of type ‘int’
   77 | __NTH (strcpy (char *__restrict __dest, const char *__restrict __src))
      | ^~~~~
In file included from test.c:5:
exercises.c: In function ‘crearVector’:
exercises.c:77:49: error: expected ‘)’ before ‘n’
   77 |   Vector * v = (Vector *) malloc(sizeof(Vector * n));
      |                                        ~        ^~
      |                                                 )
exercises.c:77:12: error: unused variable ‘v’ [-Werror=unused-variable]
   77 |   Vector * v = (Vector *) malloc(sizeof(Vector * n));
      |            ^
exercises.c: In function ‘asignarValor’:
exercises.c:91:12: error: incompatible types when assigning to type ‘Vector’ from type ‘int’
   91 |     v[i] = valor;
      |            ^~~~~
cc1: all warnings being treated as errors
Compilation failed
850663f
Fri 17 Mar 2023 06:47:54 PM UTC: 
 exercises.c | 6 +++---
 1 file changed, 3 insertions(+), 3 deletions(-)
In file included from test.c:5:
exercises.c: In function ‘crearVector’:
exercises.c:77:49: error: expected ‘)’ before ‘n’
   77 |   Vector * v = (Vector *) malloc(sizeof(Vector * n));
      |                                        ~        ^~
      |                                                 )
exercises.c:77:12: error: unused variable ‘v’ [-Werror=unused-variable]
   77 |   Vector * v = (Vector *) malloc(sizeof(Vector * n));
      |            ^
exercises.c: In function ‘asignarValor’:
exercises.c:91:12: error: incompatible types when assigning to type ‘Vector’ from type ‘int’
   91 |     v[i] = valor;
      |            ^~~~~
cc1: all warnings being treated as errors
Compilation failed
2386a17
Fri 17 Mar 2023 06:52:46 PM UTC: 
 exercises.c | 2 +-
 1 file changed, 1 insertion(+), 1 deletion(-)
In file included from test.c:5:
exercises.c: In function ‘crearVector’:
exercises.c:77:49: error: expected ‘)’ before ‘n’
   77 |   Vector * v = (Vector *) malloc(sizeof(Vector * n));
      |                                        ~        ^~
      |                                                 )
exercises.c:77:12: error: unused variable ‘v’ [-Werror=unused-variable]
   77 |   Vector * v = (Vector *) malloc(sizeof(Vector * n));
      |            ^
cc1: all warnings being treated as errors
Compilation failed
af7d15e
Fri 17 Mar 2023 06:54:55 PM UTC: 
 exercises.c | 3 ++-
 1 file changed, 2 insertions(+), 1 deletion(-)
In file included from test.c:5:
exercises.c: In function ‘crearVector’:
exercises.c:78:25: error: too few arguments to function ‘calloc’
   78 |   v->datos = (Vector *) calloc(sizeof(Vector));
      |                         ^~~~~~
In file included from test.c:2:
/nix/store/4pqv2mwdn88h7xvsm7a5zplrd8sxzvw0-glibc-2.35-163-dev/include/stdlib.h:543:14: note: declared here
  543 | extern void *calloc (size_t __nmemb, size_t __size)
      |              ^~~~~~
Compilation failed
20bc0e9
Fri 17 Mar 2023 06:55:59 PM UTC: 
 exercises.c | 2 +-
 1 file changed, 1 insertion(+), 1 deletion(-)
In file included from test.c:5:
exercises.c: In function ‘crearVector’:
exercises.c:78:25: error: too few arguments to function ‘calloc’
   78 |   v->datos = (Vector *) calloc(sizeof(int));
      |                         ^~~~~~
In file included from test.c:2:
/nix/store/4pqv2mwdn88h7xvsm7a5zplrd8sxzvw0-glibc-2.35-163-dev/include/stdlib.h:543:14: note: declared here
  543 | extern void *calloc (size_t __nmemb, size_t __size)
      |              ^~~~~~
Compilation failed
5ea9e7e
Fri 17 Mar 2023 06:56:18 PM UTC: 
 exercises.c | 2 +-
 1 file changed, 1 insertion(+), 1 deletion(-)
In file included from test.c:5:
exercises.c: In function ‘crearVector’:
exercises.c:78:22: error: too few arguments to function ‘calloc’
   78 |   v->datos = (int *) calloc(sizeof(int));
      |                      ^~~~~~
In file included from test.c:2:
/nix/store/4pqv2mwdn88h7xvsm7a5zplrd8sxzvw0-glibc-2.35-163-dev/include/stdlib.h:543:14: note: declared here
  543 | extern void *calloc (size_t __nmemb, size_t __size)
      |              ^~~~~~
Compilation failed
aba6147
Fri 17 Mar 2023 06:57:11 PM UTC: 
 exercises.c | 4 ++--
 1 file changed, 2 insertions(+), 2 deletions(-)
In file included from test.c:5:
exercises.c: In function ‘crearVector’:
exercises.c:78:22: error: too few arguments to function ‘calloc’
   78 |   v->datos = (int *) calloc(sizeof(int) * n);
      |                      ^~~~~~
In file included from test.c:2:
/nix/store/4pqv2mwdn88h7xvsm7a5zplrd8sxzvw0-glibc-2.35-163-dev/include/stdlib.h:543:14: note: declared here
  543 | extern void *calloc (size_t __nmemb, size_t __size)
      |              ^~~~~~
In file included from test.c:5:
exercises.c:82:4: error: expected expression before ‘return’
   82 |    return NULL;
      |    ^~~~~~
exercises.c:83:1: error: control reaches end of non-void function [-Werror=return-type]
   83 | }
      | ^
cc1: all warnings being treated as errors
Compilation failed
674b00d
Fri 17 Mar 2023 06:57:31 PM UTC: 
 exercises.c | 3 ++-
 1 file changed, 2 insertions(+), 1 deletion(-)
In file included from test.c:5:
exercises.c: In function ‘crearVector’:
exercises.c:78:22: error: too few arguments to function ‘calloc’
   78 |   v->datos = (int *) calloc(sizeof(int) * n);
      |                      ^~~~~~
In file included from test.c:2:
/nix/store/4pqv2mwdn88h7xvsm7a5zplrd8sxzvw0-glibc-2.35-163-dev/include/stdlib.h:543:14: note: declared here
  543 | extern void *calloc (size_t __nmemb, size_t __size)
      |              ^~~~~~
Compilation failed
861fefd
Fri 17 Mar 2023 06:58:05 PM UTC: 
 exercises.c | 2 +-
 1 file changed, 1 insertion(+), 1 deletion(-)
 tests:  2|5
total_score: 20/70
f852dad
Fri 17 Mar 2023 06:59:24 PM UTC: 
 exercises.c | 4 +++-
 1 file changed, 3 insertions(+), 1 deletion(-)
In file included from test.c:5:
exercises.c: In function ‘obtenerValor’:
exercises.c:104:12: error: incompatible types when returning type ‘Vector’ but ‘int’ was expected
  104 |    return v[i];
      |           ~^~~
exercises.c:105:1: error: control reaches end of non-void function [-Werror=return-type]
  105 | }
      | ^
cc1: all warnings being treated as errors
Compilation failed
dc02eaa
Fri 17 Mar 2023 06:59:51 PM UTC: 
 exercises.c | 2 +-
 1 file changed, 1 insertion(+), 1 deletion(-)
 tests:  4|4
total_score: 30/70
4c47460
Sat 18 Mar 2023 12:06:56 AM UTC: 
 exercises.c | 2 +-
 1 file changed, 1 insertion(+), 1 deletion(-)
In file included from test.c:5:
exercises.c: In function ‘crearVector’:
exercises.c:78:3: error: ‘v’ undeclared (first use in this function)
   78 |   v->datos = (int *) calloc(n, sizeof(int));
      |   ^
exercises.c:78:3: note: each undeclared identifier is reported only once for each function it appears in
Compilation failed
561a7cd
Sat 18 Mar 2023 12:07:23 AM UTC: 
 exercises.c | 2 +-
 1 file changed, 1 insertion(+), 1 deletion(-)
 tests:  4|4
total_score: 30/70
8a88d36
Sat 18 Mar 2023 12:07:54 AM UTC: 
 exercises.c | 6 +++---
 1 file changed, 3 insertions(+), 3 deletions(-)
In file included from test.c:5:
exercises.c: In function ‘crearVector’:
exercises.c:78:9: error: expected identifier or ‘(’ before ‘->’ token
   78 |   Vector->datos = (int *) calloc(n, sizeof(int));
      |         ^~
exercises.c:79:9: error: expected identifier or ‘(’ before ‘->’ token
   79 |   Vector->capacidad = n;
      |         ^~
Compilation failed
84aea4a
Sat 18 Mar 2023 12:08:16 AM UTC: 
 exercises.c | 4 ++--
 1 file changed, 2 insertions(+), 2 deletions(-)
In file included from test.c:5:
exercises.c: In function ‘crearVector’:
exercises.c:78:9: error: expected identifier or ‘(’ before ‘.’ token
   78 |   Vector.datos = (int *) calloc(n, sizeof(int));
      |         ^
exercises.c:79:9: error: expected identifier or ‘(’ before ‘.’ token
   79 |   Vector.capacidad = n;
      |         ^
Compilation failed
d48f9e1
Sat 18 Mar 2023 12:08:34 AM UTC: 
 exercises.c | 6 +++---
 1 file changed, 3 insertions(+), 3 deletions(-)
In file included from test.c:5:
exercises.c: In function ‘crearVector’:
exercises.c:78:9: error: expected identifier or ‘(’ before ‘->’ token
   78 |   Vector->datos = (int *) calloc(n, sizeof(int));
      |         ^~
exercises.c:79:9: error: expected identifier or ‘(’ before ‘->’ token
   79 |   Vector->capacidad = n;
      |         ^~
exercises.c:77:12: error: unused variable ‘v’ [-Werror=unused-variable]
   77 |   Vector * v = (Vector *) malloc(sizeof(Vector));
      |            ^
cc1: all warnings being treated as errors
Compilation failed
936f704
Sat 18 Mar 2023 12:08:50 AM UTC: 
 exercises.c | 4 ++--
 1 file changed, 2 insertions(+), 2 deletions(-)
 tests:  4|4
total_score: 30/70
f571457
Sat 18 Mar 2023 10:03:48 PM UTC: 
 exercises.c | 4 ++++
 1 file changed, 4 insertions(+)
In file included from test.c:5:
exercises.c: In function ‘arrayMaxMin’:
exercises.c:32:9: error: ‘i’ undeclared (first use in this function)
   32 |   for ( i = 0 ; i < n ; i++)
      |         ^
exercises.c:32:9: note: each undeclared identifier is reported only once for each function it appears in
Compilation failed
13bd3e9
Sat 18 Mar 2023 10:04:03 PM UTC: 
 exercises.c | 1 +
 1 file changed, 1 insertion(+)
 tests:  4|4
total_score: 30/70
d173066
Sat 18 Mar 2023 10:06:32 PM UTC: 
 exercises.c | 7 +++++++
 1 file changed, 7 insertions(+)
 tests:  4|4
total_score: 30/70
393b85d
Sat 18 Mar 2023 10:29:59 PM UTC: 
 exercises.c | 12 +++++++++++-
 1 file changed, 11 insertions(+), 1 deletion(-)
 tests:  4|4
total_score: 30/70
8e71876
Sat 18 Mar 2023 10:32:05 PM UTC: 
 exercises.c | 8 +-------
 1 file changed, 1 insertion(+), 7 deletions(-)
 tests:  4|4
total_score: 30/70
4b4c070
Sat 18 Mar 2023 10:35:25 PM UTC: 
 exercises.c | 6 +++++-
 1 file changed, 5 insertions(+), 1 deletion(-)
 tests:  4|4
total_score: 30/70
bd315b6
Sat 18 Mar 2023 11:08:59 PM UTC: 
 exercises.c | 5 +++--
 1 file changed, 3 insertions(+), 2 deletions(-)
 tests:  5|3
total_score: 40/70
dbcfa7b
Sat 18 Mar 2023 11:23:50 PM UTC: 
 exercises.c | 19 ++++++++++++-------
 1 file changed, 12 insertions(+), 7 deletions(-)
 tests:  5|3
total_score: 40/70
e4b865e
Sun 19 Mar 2023 12:29:39 AM UTC: 
 exercises.c | 6 ++++--
 1 file changed, 4 insertions(+), 2 deletions(-)
 tests:  5|3
total_score: 40/70
30dc5f0
Sun 19 Mar 2023 12:30:23 AM UTC: 
 exercises.c | 1 +
 1 file changed, 1 insertion(+)
In file included from test.c:5:
exercises.c: In function ‘sumaV’:
exercises.c:140:11: error: invalid operands to binary + (have ‘Vector’ and ‘Vector’)
  140 |   *c = *a +*b;
      |        ~~ ^~~
      |        |   |
      |        |   Vector
      |        Vector
Compilation failed
b0a0638
Sun 19 Mar 2023 12:36:12 AM UTC: 
 exercises.c | 2 +-
 1 file changed, 1 insertion(+), 1 deletion(-)
In file included from test.c:5:
exercises.c: In function ‘sumaV’:
exercises.c:140:3: error: invalid type argument of unary ‘*’ (have ‘Vector’)
  140 |   *c[0] = *a[0] + *b[0];
      |   ^~~~~
exercises.c:140:11: error: invalid type argument of unary ‘*’ (have ‘Vector’)
  140 |   *c[0] = *a[0] + *b[0];
      |           ^~~~~
exercises.c:140:19: error: invalid type argument of unary ‘*’ (have ‘Vector’)
  140 |   *c[0] = *a[0] + *b[0];
      |                   ^~~~~
Compilation failed
5398ee6
Sun 19 Mar 2023 12:36:30 AM UTC: 
 exercises.c | 2 +-
 1 file changed, 1 insertion(+), 1 deletion(-)
In file included from test.c:5:
exercises.c: In function ‘sumaV’:
exercises.c:140:15: error: invalid operands to binary + (have ‘Vector’ and ‘Vector’)
  140 |   c[0] = a[0] + b[0];
      |          ~~~~ ^ ~~~~
      |           |      |
      |           Vector Vector
Compilation failed
0c01fc1
Sun 19 Mar 2023 12:37:43 AM UTC: 
 exercises.c | 4 +++-
 1 file changed, 3 insertions(+), 1 deletion(-)
In file included from test.c:5:
exercises.c: In function ‘sumaV’:
exercises.c:140:3: error: invalid type argument of unary ‘*’ (have ‘Vector’)
  140 |   *c[0] = *a[0] + *b[0];
      |   ^~~~~
exercises.c:140:11: error: invalid type argument of unary ‘*’ (have ‘Vector’)
  140 |   *c[0] = *a[0] + *b[0];
      |           ^~~~~
exercises.c:140:19: error: invalid type argument of unary ‘*’ (have ‘Vector’)
  140 |   *c[0] = *a[0] + *b[0];
      |                   ^~~~~
exercises.c:141:3: error: invalid type argument of unary ‘*’ (have ‘Vector’)
  141 |   *c[1] = *a[1] + *b[1];
      |   ^~~~~
exercises.c:141:11: error: invalid type argument of unary ‘*’ (have ‘Vector’)
  141 |   *c[1] = *a[1] + *b[1];
      |           ^~~~~
exercises.c:141:19: error: invalid type argument of unary ‘*’ (have ‘Vector’)
  141 |   *c[1] = *a[1] + *b[1];
      |                   ^~~~~
exercises.c:142:3: error: invalid type argument of unary ‘*’ (have ‘Vector’)
  142 |   *c[2] = *a[2] + *b[2];
      |   ^~~~~
exercises.c:142:11: error: invalid type argument of unary ‘*’ (have ‘Vector’)
  142 |   *c[2] = *a[2] + *b[2];
      |           ^~~~~
exercises.c:142:19: error: invalid type argument of unary ‘*’ (have ‘Vector’)
  142 |   *c[2] = *a[2] + *b[2];
      |                   ^~~~~
Compilation failed
dac8474
Sun 19 Mar 2023 12:37:59 AM UTC: 
 exercises.c | 6 +++---
 1 file changed, 3 insertions(+), 3 deletions(-)
In file included from test.c:5:
exercises.c: In function ‘sumaV’:
exercises.c:140:15: error: invalid operands to binary + (have ‘Vector’ and ‘Vector’)
  140 |   c[0] = a[0] + b[0];
      |          ~~~~ ^ ~~~~
      |           |      |
      |           Vector Vector
exercises.c:141:15: error: invalid operands to binary + (have ‘Vector’ and ‘Vector’)
  141 |   c[1] = a[1] + b[1];
      |          ~~~~ ^ ~~~~
      |           |      |
      |           Vector Vector
exercises.c:142:15: error: invalid operands to binary + (have ‘Vector’ and ‘Vector’)
  142 |   c[2] = a[2] + b[2];
      |          ~~~~ ^ ~~~~
      |           |      |
      |           Vector Vector
Compilation failed
0b64b25
Sun 19 Mar 2023 01:35:05 AM UTC: 
 exercises.c | 4 +---
 1 file changed, 1 insertion(+), 3 deletions(-)
 tests:  5|3
total_score: 40/70
22080ed
Sun 19 Mar 2023 01:42:51 AM UTC: 
 exercises.c | 1 +
 1 file changed, 1 insertion(+)
In file included from test.c:5:
exercises.c: In function ‘sumaV’:
exercises.c:140:5: error: ‘i’ undeclared (first use in this function)
  140 |   c[i] = a[i] + b[i];
      |     ^
exercises.c:140:5: note: each undeclared identifier is reported only once for each function it appears in
Compilation failed
e33f336
Sun 19 Mar 2023 01:43:08 AM UTC: 
 exercises.c | 1 +
 1 file changed, 1 insertion(+)
In file included from test.c:5:
exercises.c: In function ‘sumaV’:
exercises.c:141:15: error: invalid operands to binary + (have ‘Vector’ and ‘Vector’)
  141 |   c[i] = a[i] + b[i];
      |          ~~~~ ^ ~~~~
      |           |      |
      |           Vector Vector
Compilation failed
c11543d
Sun 19 Mar 2023 01:44:45 AM UTC: 
 exercises.c | 3 +--
 1 file changed, 1 insertion(+), 2 deletions(-)
 tests:  5|3
total_score: 40/70
8e9dfd2
Sun 19 Mar 2023 01:48:56 AM UTC: 
 exercises.c | 4 ++++
 1 file changed, 4 insertions(+)
In file included from test.c:5:
exercises.c: In function ‘sumaV’:
exercises.c:141:9: error: ‘i’ undeclared (first use in this function)
  141 |   for ( i = 0 ; i <= *a->capacidad ; i++)
      |         ^
exercises.c:141:9: note: each undeclared identifier is reported only once for each function it appears in
exercises.c:141:22: error: invalid type argument of unary ‘*’ (have ‘int’)
  141 |   for ( i = 0 ; i <= *a->capacidad ; i++)
      |                      ^~~~~~~~~~~~~
Compilation failed
09b5c52
Sun 19 Mar 2023 01:49:16 AM UTC: 
 exercises.c | 4 ++--
 1 file changed, 2 insertions(+), 2 deletions(-)
In file included from test.c:5:
exercises.c: In function ‘sumaV’:
exercises.c:141:9: error: ‘i’ undeclared (first use in this function)
  141 |   for ( i = 0 ; i <= a->capacidad ; i++)
      |         ^
exercises.c:141:9: note: each undeclared identifier is reported only once for each function it appears in
Compilation failed
c7f3dc0
Sun 19 Mar 2023 01:49:25 AM UTC: 
 exercises.c | 2 +-
 1 file changed, 1 insertion(+), 1 deletion(-)
In file included from test.c:5:
exercises.c: In function ‘sumaV’:
exercises.c:143:7: error: invalid type argument of unary ‘*’ (have ‘Vector’)
  143 |       *c[i] = *a[i] + *b[i];
      |       ^~~~~
exercises.c:143:15: error: invalid type argument of unary ‘*’ (have ‘Vector’)
  143 |       *c[i] = *a[i] + *b[i];
      |               ^~~~~
exercises.c:143:23: error: invalid type argument of unary ‘*’ (have ‘Vector’)
  143 |       *c[i] = *a[i] + *b[i];
      |                       ^~~~~
Compilation failed
e2d309b
Sun 19 Mar 2023 01:49:45 AM UTC: 
 exercises.c | 5 +++--
 1 file changed, 3 insertions(+), 2 deletions(-)
In file included from test.c:5:
exercises.c: In function ‘sumaV’:
exercises.c:144:19: error: invalid operands to binary + (have ‘Vector’ and ‘Vector’)
  144 |       c[i] = a[i] + b[i];
      |              ~~~~ ^ ~~~~
      |               |      |
      |               Vector Vector
Compilation failed
78391a2
Sun 19 Mar 2023 01:51:04 AM UTC: 
 exercises.c | 2 +-
 1 file changed, 1 insertion(+), 1 deletion(-)
In file included from test.c:5:
exercises.c: In function ‘sumaV’:
exercises.c:144:11: error: invalid type argument of ‘->’ (have ‘Vector’)
  144 |       c[i]->datos = a[i]->datos + b[i]->datos;
      |           ^~
exercises.c:144:25: error: invalid type argument of ‘->’ (have ‘Vector’)
  144 |       c[i]->datos = a[i]->datos + b[i]->datos;
      |                         ^~
exercises.c:144:39: error: invalid type argument of ‘->’ (have ‘Vector’)
  144 |       c[i]->datos = a[i]->datos + b[i]->datos;
      |                                       ^~
Compilation failed
0059dd4
Sun 19 Mar 2023 01:51:39 AM UTC: 
 exercises.c | 2 +-
 1 file changed, 1 insertion(+), 1 deletion(-)
 tests:  6|2
total_score: 50/70
f012261
